<?xml version="1.0" encoding="UTF-8"?>
<!-- Generated by org.testng.reporters.JUnitXMLReporter -->
<testsuite ignored="0" hostname="LAPTOP-4R2OF2PC" failures="1" tests="4" name="Test" time="13.095" errors="0" timestamp="2024-05-31T15:31:08 IST">
  <testcase classname="testscript.ListnerDemo" name="demo" time="0.035">
    <skipped/>
  </testcase> <!-- demo -->
  <testcase classname="testscript.ListnerDemo" name="demo" time="0.006">
    <skipped/>
  </testcase> <!-- demo -->
  <testcase classname="testscript.ListnerDemo" name="demo" time="0.008">
    <skipped/>
  </testcase> <!-- demo -->
  <testcase classname="testscript.ListnerDemo" name="demo" time="0.008">
    <failure type="java.lang.AssertionError" message="null">
      <![CDATA[java.lang.AssertionError: null
at testscript.ListnerDemo.demo(ListnerDemo.java:14)
at java.base/java.util.ArrayList.forEach(ArrayList.java:1596)
... Removed 27 stack frames]]>
    </failure>
  </testcase> <!-- demo -->
</testsuite> <!-- Test -->
